<?xml version="1.0" encoding="UTF-8"?>
<testsuite name="com.irdeto.rrm.ls.TurbineApplicationTests" tests="1" skipped="0" failures="0" errors="0" timestamp="2016-09-16T13:35:16" hostname="ekho" time="0.111">
  <properties/>
  <testcase name="contextLoads" classname="com.irdeto.rrm.ls.TurbineApplicationTests" time="0.111"/>
  <system-out><![CDATA[15:35:10.369 [Test worker] DEBUG org.springframework.test.context.junit4.SpringJUnit4ClassRunner - SpringJUnit4ClassRunner constructor called with [class com.irdeto.rrm.ls.TurbineApplicationTests]
15:35:10.373 [Test worker] DEBUG org.springframework.test.context.BootstrapUtils - Instantiating CacheAwareContextLoaderDelegate from class [org.springframework.test.context.cache.DefaultCacheAwareContextLoaderDelegate]
15:35:10.378 [Test worker] DEBUG org.springframework.test.context.BootstrapUtils - Instantiating BootstrapContext using constructor [public org.springframework.test.context.support.DefaultBootstrapContext(java.lang.Class,org.springframework.test.context.CacheAwareContextLoaderDelegate)]
15:35:10.388 [Test worker] DEBUG org.springframework.test.context.BootstrapUtils - Instantiating TestContextBootstrapper for test class [com.irdeto.rrm.ls.TurbineApplicationTests] from class [org.springframework.boot.test.context.SpringBootTestContextBootstrapper]
15:35:10.395 [Test worker] INFO org.springframework.boot.test.context.SpringBootTestContextBootstrapper - Neither @ContextConfiguration nor @ContextHierarchy found for test class [com.irdeto.rrm.ls.TurbineApplicationTests], using SpringBootContextLoader
15:35:10.398 [Test worker] DEBUG org.springframework.test.context.support.AbstractContextLoader - Did not detect default resource location for test class [com.irdeto.rrm.ls.TurbineApplicationTests]: class path resource [com/irdeto/rrm/ls/TurbineApplicationTests-context.xml] does not exist
15:35:10.398 [Test worker] DEBUG org.springframework.test.context.support.AbstractContextLoader - Did not detect default resource location for test class [com.irdeto.rrm.ls.TurbineApplicationTests]: class path resource [com/irdeto/rrm/ls/TurbineApplicationTestsContext.groovy] does not exist
15:35:10.398 [Test worker] INFO org.springframework.test.context.support.AbstractContextLoader - Could not detect default resource locations for test class [com.irdeto.rrm.ls.TurbineApplicationTests]: no resource found for suffixes {-context.xml, Context.groovy}.
15:35:10.399 [Test worker] INFO org.springframework.test.context.support.AnnotationConfigContextLoaderUtils - Could not detect default configuration classes for test class [com.irdeto.rrm.ls.TurbineApplicationTests]: TurbineApplicationTests does not declare any static, non-private, non-final, nested classes annotated with @Configuration.
15:35:10.421 [Test worker] DEBUG org.springframework.test.context.support.ActiveProfilesUtils - Could not find an 'annotation declaring class' for annotation type [org.springframework.test.context.ActiveProfiles] and class [com.irdeto.rrm.ls.TurbineApplicationTests]
15:35:10.447 [Test worker] DEBUG org.springframework.core.env.StandardEnvironment - Adding [systemProperties] PropertySource with lowest search precedence
15:35:10.448 [Test worker] DEBUG org.springframework.core.env.StandardEnvironment - Adding [systemEnvironment] PropertySource with lowest search precedence
15:35:10.448 [Test worker] DEBUG org.springframework.core.env.StandardEnvironment - Initialized StandardEnvironment with PropertySources [systemProperties,systemEnvironment]
15:35:10.455 [Test worker] DEBUG org.springframework.core.io.support.PathMatchingResourcePatternResolver - Resolved classpath location [com/irdeto/rrm/ls/] to resources [URL [file:/home/ekho/development/git/turbine/build/classes/test/com/irdeto/rrm/ls/], URL [file:/home/ekho/development/git/turbine/build/classes/main/com/irdeto/rrm/ls/]]
15:35:10.455 [Test worker] DEBUG org.springframework.core.io.support.PathMatchingResourcePatternResolver - Looking for matching resources in directory tree [/home/ekho/development/git/turbine/build/classes/test/com/irdeto/rrm/ls]
15:35:10.455 [Test worker] DEBUG org.springframework.core.io.support.PathMatchingResourcePatternResolver - Searching directory [/home/ekho/development/git/turbine/build/classes/test/com/irdeto/rrm/ls] for files matching pattern [/home/ekho/development/git/turbine/build/classes/test/com/irdeto/rrm/ls/*.class]
15:35:10.459 [Test worker] DEBUG org.springframework.core.io.support.PathMatchingResourcePatternResolver - Looking for matching resources in directory tree [/home/ekho/development/git/turbine/build/classes/main/com/irdeto/rrm/ls]
15:35:10.459 [Test worker] DEBUG org.springframework.core.io.support.PathMatchingResourcePatternResolver - Searching directory [/home/ekho/development/git/turbine/build/classes/main/com/irdeto/rrm/ls] for files matching pattern [/home/ekho/development/git/turbine/build/classes/main/com/irdeto/rrm/ls/*.class]
15:35:10.460 [Test worker] DEBUG org.springframework.core.io.support.PathMatchingResourcePatternResolver - Resolved location pattern [classpath*:com/irdeto/rrm/ls/*.class] to resources [file [/home/ekho/development/git/turbine/build/classes/test/com/irdeto/rrm/ls/TurbineApplicationTests.class], file [/home/ekho/development/git/turbine/build/classes/main/com/irdeto/rrm/ls/TurbineApplication.class]]
15:35:10.490 [Test worker] DEBUG org.springframework.context.annotation.ClassPathScanningCandidateComponentProvider - Identified candidate component class: file [/home/ekho/development/git/turbine/build/classes/main/com/irdeto/rrm/ls/TurbineApplication.class]
15:35:10.491 [Test worker] INFO org.springframework.boot.test.context.SpringBootTestContextBootstrapper - Found @SpringBootConfiguration com.irdeto.rrm.ls.TurbineApplication for test class com.irdeto.rrm.ls.TurbineApplicationTests
15:35:10.493 [Test worker] DEBUG org.springframework.boot.test.context.SpringBootTestContextBootstrapper - @TestExecutionListeners is not present for class [com.irdeto.rrm.ls.TurbineApplicationTests]: using defaults.
15:35:10.497 [Test worker] INFO org.springframework.boot.test.context.SpringBootTestContextBootstrapper - Loaded default TestExecutionListener class names from location [META-INF/spring.factories]: [org.springframework.boot.test.mock.mockito.MockitoTestExecutionListener, org.springframework.boot.test.mock.mockito.ResetMocksTestExecutionListener, org.springframework.boot.test.autoconfigure.AutoConfigureReportTestExecutionListener, org.springframework.boot.test.autoconfigure.restdocs.RestDocsTestExecutionListener, org.springframework.boot.test.autoconfigure.web.client.MockRestServiceServerResetTestExecutionListener, org.springframework.test.context.web.ServletTestExecutionListener, org.springframework.test.context.support.DirtiesContextBeforeModesTestExecutionListener, org.springframework.test.context.support.DependencyInjectionTestExecutionListener, org.springframework.test.context.support.DirtiesContextTestExecutionListener, org.springframework.test.context.transaction.TransactionalTestExecutionListener, org.springframework.test.context.jdbc.SqlScriptsTestExecutionListener]
15:35:10.507 [Test worker] INFO org.springframework.boot.test.context.SpringBootTestContextBootstrapper - Using TestExecutionListeners: [org.springframework.test.context.web.ServletTestExecutionListener@67053398, org.springframework.test.context.support.DirtiesContextBeforeModesTestExecutionListener@25b54260, org.springframework.boot.test.autoconfigure.AutoConfigureReportTestExecutionListener@13b5fca0, org.springframework.test.context.support.DependencyInjectionTestExecutionListener@61c5cc2e, org.springframework.test.context.support.DirtiesContextTestExecutionListener@2f92ba7d, org.springframework.test.context.transaction.TransactionalTestExecutionListener@20bb5bad, org.springframework.test.context.jdbc.SqlScriptsTestExecutionListener@1c57e3e6, org.springframework.boot.test.autoconfigure.web.client.MockRestServiceServerResetTestExecutionListener@533cf8fe, org.springframework.boot.test.mock.mockito.ResetMocksTestExecutionListener@69c7f1b6, org.springframework.boot.test.autoconfigure.restdocs.RestDocsTestExecutionListener@13dba910, org.springframework.boot.test.mock.mockito.MockitoTestExecutionListener@3030305e]
15:35:10.509 [Test worker] DEBUG org.springframework.test.annotation.ProfileValueUtils - Retrieved @ProfileValueSourceConfiguration [null] for test class [com.irdeto.rrm.ls.TurbineApplicationTests]
15:35:10.510 [Test worker] DEBUG org.springframework.test.annotation.ProfileValueUtils - Retrieved ProfileValueSource type [class org.springframework.test.annotation.SystemProfileValueSource] for class [com.irdeto.rrm.ls.TurbineApplicationTests]
15:35:10.510 [Test worker] DEBUG org.springframework.test.annotation.ProfileValueUtils - Retrieved @ProfileValueSourceConfiguration [null] for test class [com.irdeto.rrm.ls.TurbineApplicationTests]
15:35:10.510 [Test worker] DEBUG org.springframework.test.annotation.ProfileValueUtils - Retrieved ProfileValueSource type [class org.springframework.test.annotation.SystemProfileValueSource] for class [com.irdeto.rrm.ls.TurbineApplicationTests]
15:35:10.513 [Test worker] DEBUG org.springframework.test.context.support.AbstractDirtiesContextTestExecutionListener - Before test class: context [DefaultTestContext@f271c05 testClass = TurbineApplicationTests, testInstance = [null], testMethod = [null], testException = [null], mergedContextConfiguration = [WebMergedContextConfiguration@7bc348d3 testClass = TurbineApplicationTests, locations = '{}', classes = '{class com.irdeto.rrm.ls.TurbineApplication}', contextInitializerClasses = '[]', activeProfiles = '{}', propertySourceLocations = '{}', propertySourceProperties = '{org.springframework.boot.test.context.SpringBootTestContextBootstrapper=true}', contextCustomizers = set[org.springframework.boot.test.context.SpringBootTestContextCustomizer@6d2d7d12, org.springframework.boot.test.context.filter.ExcludeFilterContextCustomizer@50c0f886, org.springframework.boot.test.mock.mockito.MockitoContextCustomizer@0, org.springframework.boot.test.autoconfigure.properties.PropertyMappingContextCustomizer@0], resourceBasePath = 'src/main/webapp', contextLoader = 'org.springframework.boot.test.context.SpringBootContextLoader', parent = [null]]], class annotated with @DirtiesContext [false] with mode [null].
15:35:10.514 [Test worker] DEBUG org.springframework.test.annotation.ProfileValueUtils - Retrieved @ProfileValueSourceConfiguration [null] for test class [com.irdeto.rrm.ls.TurbineApplicationTests]
15:35:10.514 [Test worker] DEBUG org.springframework.test.annotation.ProfileValueUtils - Retrieved ProfileValueSource type [class org.springframework.test.annotation.SystemProfileValueSource] for class [com.irdeto.rrm.ls.TurbineApplicationTests]
15:35:10.536 [Test worker] DEBUG org.springframework.core.env.StandardEnvironment - Adding [systemProperties] PropertySource with lowest search precedence
15:35:10.537 [Test worker] DEBUG org.springframework.core.env.StandardEnvironment - Adding [systemEnvironment] PropertySource with lowest search precedence
15:35:10.537 [Test worker] DEBUG org.springframework.core.env.StandardEnvironment - Initialized StandardEnvironment with PropertySources [systemProperties,systemEnvironment]
15:35:10.537 [Test worker] DEBUG org.springframework.test.context.support.TestPropertySourceUtils - Adding inlined properties to environment: {spring.jmx.enabled=false, org.springframework.boot.test.context.SpringBootTestContextBootstrapper=true, server.port=-1}
15:35:10.538 [Test worker] DEBUG org.springframework.core.env.StandardEnvironment - Adding [Inlined Test Properties] PropertySource with highest search precedence
2016-09-16 15:35:10.984  INFO 14437 --- [    Test worker] s.c.a.AnnotationConfigApplicationContext : Refreshing org.springframework.context.annotation.AnnotationConfigApplicationContext@54c6cb52: startup date [Fri Sep 16 15:35:10 CEST 2016]; root of context hierarchy
2016-09-16 15:35:11.265  INFO 14437 --- [    Test worker] f.a.AutowiredAnnotationBeanPostProcessor : JSR-330 'javax.inject.Inject' annotation found and supported for autowiring
2016-09-16 15:35:11.283  INFO 14437 --- [    Test worker] trationDelegate$BeanPostProcessorChecker : Bean 'configurationPropertiesRebinderAutoConfiguration' of type [class org.springframework.cloud.autoconfigure.ConfigurationPropertiesRebinderAutoConfiguration$$EnhancerBySpringCGLIB$$8bc7297f] is not eligible for getting processed by all BeanPostProcessors (for example: not eligible for auto-proxying)

  .   ____          _            __ _ _
 /\\ / ___'_ __ _ _(_)_ __  __ _ \ \ \ \
( ( )\___ | '_ | '_| | '_ \/ _` | \ \ \ \
 \\/  ___)| |_)| | | | | || (_| |  ) ) ) )
  '  |____| .__|_| |_|_| |_\__, | / / / /
 =========|_|==============|___/=/_/_/_/
 :: Spring Boot ::        (v1.4.0.RELEASE)

2016-09-16 15:35:11.529  INFO 14437 --- [    Test worker] c.c.c.ConfigServicePropertySourceLocator : Fetching config from server at: http://localhost:8888
2016-09-16 15:35:12.392  INFO 14437 --- [    Test worker] c.c.c.ConfigServicePropertySourceLocator : Located environment: name=turbine-cluster, profiles=[default], label=master, version=343c2fe358c36bb4e7c8a7dcbb65dce02f833bc9
2016-09-16 15:35:12.392  INFO 14437 --- [    Test worker] b.c.PropertySourceBootstrapConfiguration : Located property source: CompositePropertySource [name='configService', propertySources=[MapPropertySource [name='/home/ekho/development/git/microservices-config/turbine-cluster.yml']]]
2016-09-16 15:35:12.420  INFO 14437 --- [    Test worker] c.irdeto.rrm.ls.TurbineApplicationTests  : No active profile set, falling back to default profiles: default
2016-09-16 15:35:12.426  INFO 14437 --- [    Test worker] o.s.w.c.s.GenericWebApplicationContext   : Refreshing org.springframework.web.context.support.GenericWebApplicationContext@280ed888: startup date [Fri Sep 16 15:35:12 CEST 2016]; parent: org.springframework.context.annotation.AnnotationConfigApplicationContext@54c6cb52
2016-09-16 15:35:12.959  INFO 14437 --- [    Test worker] o.s.b.f.config.PropertiesFactoryBean     : Loading properties file from URL [jar:file:/home/ekho/.gradle/caches/modules-2/files-2.1/org.springframework.integration/spring-integration-core/4.3.1.RELEASE/557fb327eda00aa47f8dcbf5b2d0562f81c29b2d/spring-integration-core-4.3.1.RELEASE.jar!/META-INF/spring.integration.default.properties]
2016-09-16 15:35:12.962  INFO 14437 --- [    Test worker] o.s.i.config.IntegrationRegistrar        : No bean named 'integrationHeaderChannelRegistry' has been explicitly defined. Therefore, a default DefaultHeaderChannelRegistry will be created.
2016-09-16 15:35:13.060  WARN 14437 --- [    Test worker] o.s.c.a.ConfigurationClassPostProcessor  : Cannot enhance @Configuration bean definition 'refreshScope' since its singleton instance has been created too early. The typical cause is a non-static @Bean method with a BeanDefinitionRegistryPostProcessor return type: Consider declaring such methods as 'static'.
2016-09-16 15:35:13.157  INFO 14437 --- [    Test worker] o.s.cloud.context.scope.GenericScope     : BeanFactory id=75c673ce-1d58-3efa-81ac-f907acc8bbba
2016-09-16 15:35:13.187  INFO 14437 --- [    Test worker] faultConfiguringBeanFactoryPostProcessor : No bean named 'errorChannel' has been explicitly defined. Therefore, a default PublishSubscribeChannel will be created.
2016-09-16 15:35:13.192  INFO 14437 --- [    Test worker] faultConfiguringBeanFactoryPostProcessor : No bean named 'taskScheduler' has been explicitly defined. Therefore, a default ThreadPoolTaskScheduler will be created.
2016-09-16 15:35:13.202  INFO 14437 --- [    Test worker] f.a.AutowiredAnnotationBeanPostProcessor : JSR-330 'javax.inject.Inject' annotation found and supported for autowiring
2016-09-16 15:35:13.211  INFO 14437 --- [    Test worker] trationDelegate$BeanPostProcessorChecker : Bean 'org.springframework.amqp.rabbit.annotation.RabbitBootstrapConfiguration' of type [class org.springframework.amqp.rabbit.annotation.RabbitBootstrapConfiguration$$EnhancerBySpringCGLIB$$3618e4b0] is not eligible for getting processed by all BeanPostProcessors (for example: not eligible for auto-proxying)
2016-09-16 15:35:13.292  INFO 14437 --- [    Test worker] o.s.b.f.config.PropertiesFactoryBean     : Loading properties file from URL [jar:file:/home/ekho/.gradle/caches/modules-2/files-2.1/org.springframework.integration/spring-integration-core/4.3.1.RELEASE/557fb327eda00aa47f8dcbf5b2d0562f81c29b2d/spring-integration-core-4.3.1.RELEASE.jar!/META-INF/spring.integration.default.properties]
2016-09-16 15:35:13.292  INFO 14437 --- [    Test worker] trationDelegate$BeanPostProcessorChecker : Bean 'integrationGlobalProperties' of type [class org.springframework.beans.factory.config.PropertiesFactoryBean] is not eligible for getting processed by all BeanPostProcessors (for example: not eligible for auto-proxying)
2016-09-16 15:35:13.293  INFO 14437 --- [    Test worker] trationDelegate$BeanPostProcessorChecker : Bean 'integrationGlobalProperties' of type [class java.util.Properties] is not eligible for getting processed by all BeanPostProcessors (for example: not eligible for auto-proxying)
2016-09-16 15:35:13.322  INFO 14437 --- [    Test worker] trationDelegate$BeanPostProcessorChecker : Bean 'org.springframework.cloud.autoconfigure.ConfigurationPropertiesRebinderAutoConfiguration' of type [class org.springframework.cloud.autoconfigure.ConfigurationPropertiesRebinderAutoConfiguration$$EnhancerBySpringCGLIB$$8bc7297f] is not eligible for getting processed by all BeanPostProcessors (for example: not eligible for auto-proxying)
2016-09-16 15:35:13.975  INFO 14437 --- [    Test worker] s.w.s.m.m.a.RequestMappingHandlerAdapter : Looking for @ControllerAdvice: org.springframework.web.context.support.GenericWebApplicationContext@280ed888: startup date [Fri Sep 16 15:35:12 CEST 2016]; parent: org.springframework.context.annotation.AnnotationConfigApplicationContext@54c6cb52
2016-09-16 15:35:14.118  INFO 14437 --- [    Test worker] s.w.s.m.m.a.RequestMappingHandlerMapping : Mapped "{[/error],produces=[text/html]}" onto public org.springframework.web.servlet.ModelAndView org.springframework.boot.autoconfigure.web.BasicErrorController.errorHtml(javax.servlet.http.HttpServletRequest,javax.servlet.http.HttpServletResponse)
2016-09-16 15:35:14.119  INFO 14437 --- [    Test worker] s.w.s.m.m.a.RequestMappingHandlerMapping : Mapped "{[/error]}" onto public org.springframework.http.ResponseEntity<java.util.Map<java.lang.String, java.lang.Object>> org.springframework.boot.autoconfigure.web.BasicErrorController.error(javax.servlet.http.HttpServletRequest)
2016-09-16 15:35:14.156  INFO 14437 --- [    Test worker] o.s.w.s.handler.SimpleUrlHandlerMapping  : Mapped URL path [/webjars/**] onto handler of type [class org.springframework.web.servlet.resource.ResourceHttpRequestHandler]
2016-09-16 15:35:14.156  INFO 14437 --- [    Test worker] o.s.w.s.handler.SimpleUrlHandlerMapping  : Mapped URL path [/**] onto handler of type [class org.springframework.web.servlet.resource.ResourceHttpRequestHandler]
2016-09-16 15:35:14.193  INFO 14437 --- [    Test worker] o.s.w.s.handler.SimpleUrlHandlerMapping  : Mapped URL path [/**/favicon.ico] onto handler of type [class org.springframework.web.servlet.resource.ResourceHttpRequestHandler]
2016-09-16 15:35:14.505  INFO 14437 --- [    Test worker] o.s.s.c.ThreadPoolTaskScheduler          : Initializing ExecutorService  'taskScheduler'
2016-09-16 15:35:14.999  WARN 14437 --- [    Test worker] c.n.c.sources.URLConfigurationSource     : No URLs will be polled as dynamic configuration sources.
2016-09-16 15:35:14.999  INFO 14437 --- [    Test worker] c.n.c.sources.URLConfigurationSource     : To enable URLs as dynamic configuration sources, define System property archaius.configurationSource.additionalUrls or make config.properties available on classpath.
2016-09-16 15:35:15.005  WARN 14437 --- [    Test worker] c.n.c.sources.URLConfigurationSource     : No URLs will be polled as dynamic configuration sources.
2016-09-16 15:35:15.005  INFO 14437 --- [    Test worker] c.n.c.sources.URLConfigurationSource     : To enable URLs as dynamic configuration sources, define System property archaius.configurationSource.additionalUrls or make config.properties available on classpath.
2016-09-16 15:35:15.061  INFO 14437 --- [    Test worker] o.s.i.codec.kryo.CompositeKryoRegistrar  : configured Kryo registration [40, java.io.File] with serializer org.springframework.integration.codec.kryo.FileSerializer
2016-09-16 15:35:15.175  WARN 14437 --- [    Test worker] .s.b.a.a.EndpointWebMvcAutoConfiguration : Could not start embedded management container on different port (management endpoints are still available through JMX)
2016-09-16 15:35:15.435  INFO 14437 --- [    Test worker] o.s.c.support.DefaultLifecycleProcessor  : Starting beans in phase -2147482648
2016-09-16 15:35:15.435  INFO 14437 --- [    Test worker] o.s.c.support.DefaultLifecycleProcessor  : Starting beans in phase 0
2016-09-16 15:35:15.449  INFO 14437 --- [    Test worker] o.s.c.n.turbine.SpringAggregatorFactory  : Could not find monitors: []
2016-09-16 15:35:15.545  INFO 14437 --- [    Test worker] c.n.t.monitor.cluster.ClusterMonitor     : Registering event handler for cluster monitor: StaticListener_For_Aggregator
2016-09-16 15:35:15.546  INFO 14437 --- [    Test worker] c.n.t.handler.TurbineDataDispatcher      : 

Just added and starting handler tuple: StaticListener_For_Aggregator
2016-09-16 15:35:15.546  INFO 14437 --- [    Test worker] c.n.t.monitor.cluster.ClusterMonitor     : All event handlers for cluster monitor: [StaticListener_For_Aggregator]
2016-09-16 15:35:15.546  INFO 14437 --- [    Test worker] c.n.t.monitor.cluster.ClusterMonitor     : Starting up the cluster monitor for PLAYREADY-CLIENT_agg
2016-09-16 15:35:15.552  INFO 14437 --- [    Test worker] c.n.t.discovery.InstanceObservable       : Starting InstanceObservable at frequency: 60000 millis
2016-09-16 15:35:15.553  INFO 14437 --- [        Timer-0] o.s.c.n.t.CommonsInstanceDiscovery       : Fetching instance list for apps: [playready-client]
2016-09-16 15:35:15.553  INFO 14437 --- [        Timer-0] o.s.c.n.turbine.EurekaInstanceDiscovery  : Fetching instances for app: playready-client
2016-09-16 15:35:15.565  INFO 14437 --- [        Timer-0] o.s.c.n.eureka.InstanceInfoFactory       : Setting initial instance status as: STARTING
2016-09-16 15:35:16.124  INFO 14437 --- [    Test worker] c.n.e.EurekaDiscoveryClientConfiguration : Registering application turbine-cluster with eureka with status UP
2016-09-16 15:35:16.124  INFO 14437 --- [        Timer-0] o.s.c.n.turbine.EurekaInstanceDiscovery  : Received instance list for app: playready-client, size=1
2016-09-16 15:35:16.139  INFO 14437 --- [        Timer-0] c.n.t.discovery.InstanceObservable       : Retrieved hosts from InstanceDiscovery: 1
2016-09-16 15:35:16.139  INFO 14437 --- [    Test worker] o.s.i.endpoint.EventDrivenConsumer       : Adding {logging-channel-adapter:_org.springframework.integration.errorLogger} as a subscriber to the 'errorChannel' channel
2016-09-16 15:35:16.140  INFO 14437 --- [        Timer-0] c.n.t.discovery.InstanceObservable       : Found hosts that have been previously terminated: 0
2016-09-16 15:35:16.140  INFO 14437 --- [    Test worker] o.s.i.channel.PublishSubscribeChannel    : Channel 'turbine-cluster:8989.errorChannel' has 1 subscriber(s).
2016-09-16 15:35:16.140  INFO 14437 --- [        Timer-0] c.n.t.discovery.InstanceObservable       : Hosts up:1, hosts down: 0
2016-09-16 15:35:16.141  INFO 14437 --- [    Test worker] o.s.i.endpoint.EventDrivenConsumer       : started _org.springframework.integration.errorLogger
2016-09-16 15:35:16.142  INFO 14437 --- [    Test worker] o.s.c.support.DefaultLifecycleProcessor  : Starting beans in phase 2147483647
2016-09-16 15:35:16.167  INFO 14437 --- [        Timer-0] c.n.t.monitor.instance.InstanceMonitor   : Url for host: http://172.16.65.63:9999/hystrix.stream PLAYREADY-CLIENT
2016-09-16 15:35:16.170  INFO 14437 --- [        Timer-0] c.n.t.handler.TurbineDataDispatcher      : 

Just added and starting handler tuple: PLAYREADY-CLIENT_agg_aggClusterEventHandler
2016-09-16 15:35:16.172  INFO 14437 --- [        Timer-0] c.n.turbine.data.AggDataFromCluster      : Per handler dispacher started for: PLAYREADY-CLIENT_agg_aggClusterEventHandler
2016-09-16 15:35:16.192  INFO 14437 --- [    Test worker] c.irdeto.rrm.ls.TurbineApplicationTests  : Started TurbineApplicationTests in 5.626 seconds (JVM running for 6.301)
]]></system-out>
  <system-err><![CDATA[]]></system-err>
</testsuite>
